2025-11-27 00:07:23,608 [INFO] Received TTS request | voice=ko-KR-HyunsuNeural speaking_rate=0.75 chars=266
2025-11-27 00:07:24,292 [INFO] Viseme event | viseme_id=0 offset_ms=50
2025-11-27 00:07:24,292 [INFO] Viseme event | viseme_id=6 offset_ms=100
2025-11-27 00:07:24,292 [INFO] Viseme event | viseme_id=4 offset_ms=241
2025-11-27 00:07:24,293 [INFO] Viseme event | viseme_id=19 offset_ms=383
2025-11-27 00:07:24,293 [INFO] Viseme event | viseme_id=19 offset_ms=483
2025-11-27 00:07:24,293 [INFO] Viseme event | viseme_id=2 offset_ms=550
2025-11-27 00:07:24,293 [INFO] Viseme event | viseme_id=14 offset_ms=700
2025-11-27 00:07:24,311 [INFO] Viseme event | viseme_id=6 offset_ms=816
2025-11-27 00:07:24,311 [INFO] Viseme event | viseme_id=4 offset_ms=891
2025-11-27 00:07:24,311 [INFO] Viseme event | viseme_id=19 offset_ms=966
2025-11-27 00:07:24,311 [INFO] Viseme event | viseme_id=19 offset_ms=1050
2025-11-27 00:07:24,311 [INFO] Viseme event | viseme_id=2 offset_ms=1116
2025-11-27 00:07:24,311 [INFO] Viseme event | viseme_id=19 offset_ms=1233
2025-11-27 00:07:24,311 [INFO] Viseme event | viseme_id=4 offset_ms=1283
2025-11-27 00:07:24,311 [INFO] Viseme event | viseme_id=19 offset_ms=1600
2025-11-27 00:07:24,312 [INFO] Viseme event | viseme_id=16 offset_ms=1691
2025-11-27 00:07:24,312 [INFO] Viseme event | viseme_id=2 offset_ms=1783
2025-11-27 00:07:24,312 [INFO] Viseme event | viseme_id=20 offset_ms=1866
2025-11-27 00:07:24,312 [INFO] Viseme event | viseme_id=2 offset_ms=2000
2025-11-27 00:07:24,312 [INFO] Viseme event | viseme_id=19 offset_ms=2100
2025-11-27 00:07:24,313 [INFO] Viseme event | viseme_id=12 offset_ms=2150
2025-11-27 00:07:24,313 [INFO] Viseme event | viseme_id=6 offset_ms=2216
2025-11-27 00:07:24,313 [INFO] Viseme event | viseme_id=1 offset_ms=2258
2025-11-27 00:07:24,313 [INFO] Viseme event | viseme_id=20 offset_ms=2299
2025-11-27 00:07:24,313 [INFO] Viseme event | viseme_id=19 offset_ms=2449
2025-11-27 00:07:24,313 [INFO] Viseme event | viseme_id=16 offset_ms=2491
2025-11-27 00:07:24,313 [INFO] Viseme event | viseme_id=4 offset_ms=2533
2025-11-27 00:07:24,314 [INFO] Viseme event | viseme_id=19 offset_ms=2766
2025-11-27 00:07:24,314 [INFO] Viseme event | viseme_id=7 offset_ms=2899
2025-11-27 00:07:24,314 [INFO] Viseme event | viseme_id=15 offset_ms=3016
2025-11-27 00:07:24,314 [INFO] Viseme event | viseme_id=2 offset_ms=3116
2025-11-27 00:07:24,314 [INFO] Viseme event | viseme_id=19 offset_ms=3216
2025-11-27 00:07:24,314 [INFO] Viseme event | viseme_id=2 offset_ms=3266
2025-11-27 00:07:24,315 [INFO] Viseme event | viseme_id=21 offset_ms=3349
2025-11-27 00:07:24,315 [INFO] Viseme event | viseme_id=6 offset_ms=3416
2025-11-27 00:07:24,315 [INFO] Viseme event | viseme_id=15 offset_ms=3499
2025-11-27 00:07:24,315 [INFO] Viseme event | viseme_id=2 offset_ms=3616
2025-11-27 00:07:24,315 [INFO] Viseme event | viseme_id=19 offset_ms=3683
2025-11-27 00:07:24,315 [INFO] Viseme event | viseme_id=2 offset_ms=3733
2025-11-27 00:07:24,315 [INFO] Viseme event | viseme_id=15 offset_ms=3799
2025-11-27 00:07:24,316 [INFO] Viseme event | viseme_id=1 offset_ms=3999
2025-11-27 00:07:24,316 [INFO] Viseme event | viseme_id=6 offset_ms=4183
2025-11-27 00:07:24,316 [INFO] Viseme event | viseme_id=8 offset_ms=4458
2025-11-27 00:07:24,316 [INFO] Viseme event | viseme_id=0 offset_ms=4733
2025-11-27 00:07:24,949 [INFO] Viseme event | viseme_id=0 offset_ms=5183
2025-11-27 00:07:24,949 [INFO] Viseme event | viseme_id=12 offset_ms=5233
2025-11-27 00:07:24,949 [INFO] Viseme event | viseme_id=6 offset_ms=5350
2025-11-27 00:07:24,950 [INFO] Viseme event | viseme_id=1 offset_ms=5400
2025-11-27 00:07:24,950 [INFO] Viseme event | viseme_id=20 offset_ms=5450
2025-11-27 00:07:24,950 [INFO] Viseme event | viseme_id=6 offset_ms=5533
2025-11-27 00:07:24,950 [INFO] Viseme event | viseme_id=19 offset_ms=5616
2025-11-27 00:07:24,950 [INFO] Viseme event | viseme_id=12 offset_ms=5716
2025-11-27 00:07:24,950 [INFO] Viseme event | viseme_id=8 offset_ms=5816
2025-11-27 00:07:24,950 [INFO] Viseme event | viseme_id=19 offset_ms=5883
2025-11-27 00:07:24,951 [INFO] Viseme event | viseme_id=19 offset_ms=6000
2025-11-27 00:07:24,951 [INFO] Viseme event | viseme_id=16 offset_ms=6033
2025-11-27 00:07:24,951 [INFO] Viseme event | viseme_id=2 offset_ms=6066
2025-11-27 00:07:24,951 [INFO] Viseme event | viseme_id=15 offset_ms=6150
2025-11-27 00:07:24,951 [INFO] Viseme event | viseme_id=2 offset_ms=6266
2025-11-27 00:07:24,951 [INFO] Viseme event | viseme_id=14 offset_ms=6350
2025-11-27 00:07:24,951 [INFO] Viseme event | viseme_id=20 offset_ms=6483
2025-11-27 00:07:24,951 [INFO] Viseme event | viseme_id=8 offset_ms=6566
2025-11-27 00:07:24,951 [INFO] Viseme event | viseme_id=0 offset_ms=7049
2025-11-27 00:07:24,951 [INFO] Viseme event | viseme_id=2 offset_ms=7533
2025-11-27 00:07:24,952 [INFO] Viseme event | viseme_id=7 offset_ms=7833
2025-11-27 00:07:24,952 [INFO] Viseme event | viseme_id=19 offset_ms=7999
2025-11-27 00:07:24,952 [INFO] Viseme event | viseme_id=6 offset_ms=8066
2025-11-27 00:07:24,952 [INFO] Viseme event | viseme_id=19 offset_ms=8166
2025-11-27 00:07:24,952 [INFO] Viseme event | viseme_id=20 offset_ms=8299
2025-11-27 00:07:24,952 [INFO] Viseme event | viseme_id=2 offset_ms=8416
2025-11-27 00:07:24,952 [INFO] Viseme event | viseme_id=19 offset_ms=8566
2025-11-27 00:07:24,952 [INFO] Viseme event | viseme_id=16 offset_ms=8616
2025-11-27 00:07:24,952 [INFO] Viseme event | viseme_id=8 offset_ms=8666
2025-11-27 00:07:24,952 [INFO] Viseme event | viseme_id=20 offset_ms=8749
2025-11-27 00:07:24,952 [INFO] Viseme event | viseme_id=6 offset_ms=8833
2025-11-27 00:07:24,952 [INFO] Viseme event | viseme_id=21 offset_ms=8983
2025-11-27 00:07:24,953 [INFO] Viseme event | viseme_id=2 offset_ms=9066
2025-11-27 00:07:24,953 [INFO] Viseme event | viseme_id=19 offset_ms=9199
2025-11-27 00:07:24,953 [INFO] Viseme event | viseme_id=2 offset_ms=9249
2025-11-27 00:07:24,953 [INFO] Viseme event | viseme_id=19 offset_ms=9349
2025-11-27 00:07:24,953 [INFO] Viseme event | viseme_id=19 offset_ms=9399
2025-11-27 00:07:24,953 [INFO] Viseme event | viseme_id=2 offset_ms=9449
2025-11-27 00:07:24,953 [INFO] Viseme event | viseme_id=21 offset_ms=9516
2025-11-27 00:07:24,953 [INFO] Viseme event | viseme_id=19 offset_ms=9583
2025-11-27 00:07:24,953 [INFO] Viseme event | viseme_id=6 offset_ms=9633
2025-11-27 00:07:24,953 [INFO] Viseme event | viseme_id=19 offset_ms=9783
2025-11-27 00:07:24,954 [INFO] Viseme event | viseme_id=2 offset_ms=10283
2025-11-27 00:07:24,954 [INFO] Viseme event | viseme_id=0 offset_ms=10399
2025-11-27 00:07:25,515 [INFO] Viseme event | viseme_id=0 offset_ms=10850
2025-11-27 00:07:25,515 [INFO] Viseme event | viseme_id=19 offset_ms=10900
2025-11-27 00:07:25,516 [INFO] Viseme event | viseme_id=7 offset_ms=11000
2025-11-27 00:07:25,516 [INFO] Viseme event | viseme_id=12 offset_ms=11150
2025-11-27 00:07:25,516 [INFO] Viseme event | viseme_id=6 offset_ms=11233
2025-11-27 00:07:25,516 [INFO] Viseme event | viseme_id=1 offset_ms=11275
2025-11-27 00:07:25,516 [INFO] Viseme event | viseme_id=20 offset_ms=11316
2025-11-27 00:07:25,518 [INFO] Viseme event | viseme_id=19 offset_ms=11450
2025-11-27 00:07:25,518 [INFO] Viseme event | viseme_id=16 offset_ms=11491
2025-11-27 00:07:25,518 [INFO] Viseme event | viseme_id=4 offset_ms=11533
2025-11-27 00:07:25,518 [INFO] Viseme event | viseme_id=19 offset_ms=11633
2025-11-27 00:07:25,518 [INFO] Viseme event | viseme_id=6 offset_ms=11700
2025-11-27 00:07:25,519 [INFO] Viseme event | viseme_id=19 offset_ms=11833
2025-11-27 00:07:25,519 [INFO] Viseme event | viseme_id=15 offset_ms=12016
2025-11-27 00:07:25,519 [INFO] Viseme event | viseme_id=2 offset_ms=12166
2025-11-27 00:07:25,519 [INFO] Viseme event | viseme_id=6 offset_ms=12300
2025-11-27 00:07:25,520 [INFO] Viseme event | viseme_id=20 offset_ms=12450
2025-11-27 00:07:25,520 [INFO] Viseme event | viseme_id=2 offset_ms=12550
2025-11-27 00:07:25,520 [INFO] Viseme event | viseme_id=2 offset_ms=12800
2025-11-27 00:07:25,520 [INFO] Viseme event | viseme_id=19 offset_ms=13000
2025-11-27 00:07:25,520 [INFO] Viseme event | viseme_id=16 offset_ms=13050
2025-11-27 00:07:25,520 [INFO] Viseme event | viseme_id=7 offset_ms=13100
2025-11-27 00:07:25,520 [INFO] Viseme event | viseme_id=19 offset_ms=13183
2025-11-27 00:07:25,520 [INFO] Viseme event | viseme_id=16 offset_ms=13233
2025-11-27 00:07:25,521 [INFO] Viseme event | viseme_id=8 offset_ms=13283
2025-11-27 00:07:25,521 [INFO] Viseme event | viseme_id=2 offset_ms=13416
2025-11-27 00:07:25,521 [INFO] Viseme event | viseme_id=15 offset_ms=13516
2025-11-27 00:07:25,521 [INFO] Viseme event | viseme_id=1 offset_ms=13716
2025-11-27 00:07:25,521 [INFO] Viseme event | viseme_id=6 offset_ms=13950
2025-11-27 00:07:25,521 [INFO] Viseme event | viseme_id=8 offset_ms=14275
2025-11-27 00:07:25,521 [INFO] Viseme event | viseme_id=0 offset_ms=14599
2025-11-27 00:07:26,129 [INFO] Viseme event | viseme_id=0 offset_ms=15050
2025-11-27 00:07:26,130 [INFO] Viseme event | viseme_id=20 offset_ms=15100
2025-11-27 00:07:26,130 [INFO] Viseme event | viseme_id=2 offset_ms=15233
2025-11-27 00:07:26,132 [INFO] Viseme event | viseme_id=6 offset_ms=15433
2025-11-27 00:07:26,132 [INFO] Viseme event | viseme_id=19 offset_ms=15550
2025-11-27 00:07:26,133 [INFO] Viseme event | viseme_id=6 offset_ms=15600
2025-11-27 00:07:26,133 [INFO] Viseme event | viseme_id=19 offset_ms=15700
2025-11-27 00:07:26,133 [INFO] Viseme event | viseme_id=1 offset_ms=15750
2025-11-27 00:07:26,134 [INFO] Viseme event | viseme_id=1 offset_ms=15916
2025-11-27 00:07:26,134 [INFO] Viseme event | viseme_id=20 offset_ms=16216
2025-11-27 00:07:26,134 [INFO] Viseme event | viseme_id=8 offset_ms=16400
2025-11-27 00:07:26,134 [INFO] Viseme event | viseme_id=20 offset_ms=16500
2025-11-27 00:07:26,134 [INFO] Viseme event | viseme_id=15 offset_ms=16583
2025-11-27 00:07:26,135 [INFO] Viseme event | viseme_id=6 offset_ms=16716
2025-11-27 00:07:26,135 [INFO] Viseme event | viseme_id=20 offset_ms=16800
2025-11-27 00:07:26,135 [INFO] Viseme event | viseme_id=6 offset_ms=16866
2025-11-27 00:07:26,135 [INFO] Viseme event | viseme_id=14 offset_ms=17033
2025-11-27 00:07:26,144 [INFO] Viseme event | viseme_id=15 offset_ms=17099
2025-11-27 00:07:26,144 [INFO] Viseme event | viseme_id=7 offset_ms=17249
2025-11-27 00:07:26,145 [INFO] Viseme event | viseme_id=12 offset_ms=17299
2025-11-27 00:07:26,145 [INFO] Viseme event | viseme_id=7 offset_ms=17349
2025-11-27 00:07:26,145 [INFO] Viseme event | viseme_id=2 offset_ms=17383
2025-11-27 00:07:26,145 [INFO] Viseme event | viseme_id=20 offset_ms=17416
2025-11-27 00:07:26,145 [INFO] Viseme event | viseme_id=12 offset_ms=17483
2025-11-27 00:07:26,146 [INFO] Viseme event | viseme_id=2 offset_ms=17533
2025-11-27 00:07:26,146 [INFO] Viseme event | viseme_id=14 offset_ms=17599
2025-11-27 00:07:26,146 [INFO] Viseme event | viseme_id=15 offset_ms=17649
2025-11-27 00:07:26,146 [INFO] Viseme event | viseme_id=6 offset_ms=17783
2025-11-27 00:07:26,146 [INFO] Viseme event | viseme_id=20 offset_ms=17833
2025-11-27 00:07:26,146 [INFO] Viseme event | viseme_id=2 offset_ms=17899
2025-11-27 00:07:26,146 [INFO] Viseme event | viseme_id=19 offset_ms=17966
2025-11-27 00:07:26,146 [INFO] Viseme event | viseme_id=6 offset_ms=18033
2025-11-27 00:07:26,147 [INFO] Viseme event | viseme_id=19 offset_ms=18116
2025-11-27 00:07:26,147 [INFO] Viseme event | viseme_id=1 offset_ms=18183
2025-11-27 00:07:26,147 [INFO] Viseme event | viseme_id=1 offset_ms=18316
2025-11-27 00:07:26,147 [INFO] Viseme event | viseme_id=15 offset_ms=18416
2025-11-27 00:07:26,147 [INFO] Viseme event | viseme_id=1 offset_ms=18599
2025-11-27 00:07:26,147 [INFO] Viseme event | viseme_id=6 offset_ms=18833
2025-11-27 00:07:26,147 [INFO] Viseme event | viseme_id=8 offset_ms=19124
2025-11-27 00:07:26,147 [INFO] Viseme event | viseme_id=0 offset_ms=19416
2025-11-27 00:07:26,830 [INFO] Viseme event | viseme_id=0 offset_ms=19866
2025-11-27 00:07:26,830 [INFO] Viseme event | viseme_id=12 offset_ms=19916
2025-11-27 00:07:26,830 [INFO] Viseme event | viseme_id=6 offset_ms=20050
2025-11-27 00:07:26,831 [INFO] Viseme event | viseme_id=1 offset_ms=20100
2025-11-27 00:07:26,831 [INFO] Viseme event | viseme_id=20 offset_ms=20150
2025-11-27 00:07:26,831 [INFO] Viseme event | viseme_id=6 offset_ms=20233
2025-11-27 00:07:26,831 [INFO] Viseme event | viseme_id=19 offset_ms=20350
2025-11-27 00:07:26,831 [INFO] Viseme event | viseme_id=2 offset_ms=20550
2025-11-27 00:07:26,832 [INFO] Viseme event | viseme_id=7 offset_ms=20750
2025-11-27 00:07:26,832 [INFO] Viseme event | viseme_id=19 offset_ms=20883
2025-11-27 00:07:26,832 [INFO] Viseme event | viseme_id=6 offset_ms=20933
2025-11-27 00:07:26,832 [INFO] Viseme event | viseme_id=14 offset_ms=21000
2025-11-27 00:07:26,832 [INFO] Viseme event | viseme_id=15 offset_ms=21050
2025-11-27 00:07:26,832 [INFO] Viseme event | viseme_id=4 offset_ms=21133
2025-11-27 00:07:26,832 [INFO] Viseme event | viseme_id=20 offset_ms=21200
2025-11-27 00:07:26,833 [INFO] Viseme event | viseme_id=20 offset_ms=21266
2025-11-27 00:07:26,833 [INFO] Viseme event | viseme_id=2 offset_ms=21316
2025-11-27 00:07:26,833 [INFO] Viseme event | viseme_id=20 offset_ms=21400
2025-11-27 00:07:26,833 [INFO] Viseme event | viseme_id=2 offset_ms=21533
2025-11-27 00:07:26,833 [INFO] Viseme event | viseme_id=21 offset_ms=21616
2025-11-27 00:07:26,833 [INFO] Viseme event | viseme_id=6 offset_ms=21699
2025-11-27 00:07:26,833 [INFO] Viseme event | viseme_id=1 offset_ms=21883
2025-11-27 00:07:26,833 [INFO] Viseme event | viseme_id=20 offset_ms=22066
2025-11-27 00:07:26,833 [INFO] Viseme event | viseme_id=8 offset_ms=22266
2025-11-27 00:07:26,834 [INFO] Viseme event | viseme_id=20 offset_ms=22366
2025-11-27 00:07:26,834 [INFO] Viseme event | viseme_id=15 offset_ms=22449
2025-11-27 00:07:26,834 [INFO] Viseme event | viseme_id=6 offset_ms=22583
2025-11-27 00:07:26,834 [INFO] Viseme event | viseme_id=20 offset_ms=22666
2025-11-27 00:07:26,834 [INFO] Viseme event | viseme_id=6 offset_ms=22733
2025-11-27 00:07:26,834 [INFO] Viseme event | viseme_id=14 offset_ms=22899
2025-11-27 00:07:26,835 [INFO] Viseme event | viseme_id=19 offset_ms=22983
2025-11-27 00:07:26,835 [INFO] Viseme event | viseme_id=1 offset_ms=23066
2025-11-27 00:07:26,835 [INFO] Viseme event | viseme_id=19 offset_ms=23233
2025-11-27 00:07:26,835 [INFO] Viseme event | viseme_id=16 offset_ms=23291
2025-11-27 00:07:26,835 [INFO] Viseme event | viseme_id=7 offset_ms=23349
2025-11-27 00:07:26,835 [INFO] Viseme event | viseme_id=20 offset_ms=23433
2025-11-27 00:07:26,835 [INFO] Viseme event | viseme_id=6 offset_ms=23499
2025-11-27 00:07:26,836 [INFO] Viseme event | viseme_id=19 offset_ms=23566
2025-11-27 00:07:26,836 [INFO] Viseme event | viseme_id=8 offset_ms=23616
2025-11-27 00:07:26,836 [INFO] Viseme event | viseme_id=12 offset_ms=23666
2025-11-27 00:07:26,836 [INFO] Viseme event | viseme_id=4 offset_ms=23716
2025-11-27 00:07:26,836 [INFO] Viseme event | viseme_id=15 offset_ms=23783
2025-11-27 00:07:26,836 [INFO] Viseme event | viseme_id=1 offset_ms=23966
2025-11-27 00:07:26,836 [INFO] Viseme event | viseme_id=6 offset_ms=24149
2025-11-27 00:07:26,836 [INFO] Viseme event | viseme_id=8 offset_ms=24491
2025-11-27 00:07:26,836 [INFO] Viseme event | viseme_id=0 offset_ms=24832
2025-11-27 00:07:27,533 [INFO] Viseme event | viseme_id=0 offset_ms=25283
2025-11-27 00:07:27,533 [INFO] Viseme event | viseme_id=21 offset_ms=25333
2025-11-27 00:07:27,533 [INFO] Viseme event | viseme_id=2 offset_ms=25450
2025-11-27 00:07:27,534 [INFO] Viseme event | viseme_id=21 offset_ms=25600
2025-11-27 00:07:27,534 [INFO] Viseme event | viseme_id=4 offset_ms=25666
2025-11-27 00:07:27,534 [INFO] Viseme event | viseme_id=21 offset_ms=25800
2025-11-27 00:07:27,534 [INFO] Viseme event | viseme_id=8 offset_ms=25883
2025-11-27 00:07:27,534 [INFO] Viseme event | viseme_id=14 offset_ms=26000
2025-11-27 00:07:27,534 [INFO] Viseme event | viseme_id=14 offset_ms=26100
2025-11-27 00:07:27,534 [INFO] Viseme event | viseme_id=4 offset_ms=26183
2025-11-27 00:07:27,535 [INFO] Viseme event | viseme_id=2 offset_ms=26600
2025-11-27 00:07:27,535 [INFO] Viseme event | viseme_id=7 offset_ms=26966
2025-11-27 00:07:27,535 [INFO] Viseme event | viseme_id=19 offset_ms=27133
2025-11-27 00:07:27,535 [INFO] Viseme event | viseme_id=16 offset_ms=27199
2025-11-27 00:07:27,535 [INFO] Viseme event | viseme_id=6 offset_ms=27266
2025-11-27 00:07:27,535 [INFO] Viseme event | viseme_id=21 offset_ms=27349
2025-11-27 00:07:27,535 [INFO] Viseme event | viseme_id=4 offset_ms=27416
2025-11-27 00:07:27,535 [INFO] Viseme event | viseme_id=20 offset_ms=27583
2025-11-27 00:07:27,535 [INFO] Viseme event | viseme_id=8 offset_ms=27699
2025-11-27 00:07:27,536 [INFO] Viseme event | viseme_id=20 offset_ms=27799
2025-11-27 00:07:27,536 [INFO] Viseme event | viseme_id=15 offset_ms=27866
2025-11-27 00:07:27,536 [INFO] Viseme event | viseme_id=6 offset_ms=27999
2025-11-27 00:07:27,536 [INFO] Viseme event | viseme_id=20 offset_ms=28066
2025-11-27 00:07:27,536 [INFO] Viseme event | viseme_id=6 offset_ms=28133
2025-11-27 00:07:27,536 [INFO] Viseme event | viseme_id=14 offset_ms=28216
2025-11-27 00:07:27,536 [INFO] Viseme event | viseme_id=19 offset_ms=28283
2025-11-27 00:07:27,537 [INFO] Viseme event | viseme_id=8 offset_ms=28349
2025-11-27 00:07:27,537 [INFO] Viseme event | viseme_id=2 offset_ms=28483
2025-11-27 00:07:27,537 [INFO] Viseme event | viseme_id=19 offset_ms=28583
2025-11-27 00:07:27,537 [INFO] Viseme event | viseme_id=19 offset_ms=28633
2025-11-27 00:07:27,537 [INFO] Viseme event | viseme_id=2 offset_ms=28699
2025-11-27 00:07:27,537 [INFO] Viseme event | viseme_id=21 offset_ms=28766
2025-11-27 00:07:27,537 [INFO] Viseme event | viseme_id=19 offset_ms=28833
2025-11-27 00:07:27,537 [INFO] Viseme event | viseme_id=6 offset_ms=28883
2025-11-27 00:07:27,538 [INFO] Viseme event | viseme_id=19 offset_ms=29033
2025-11-27 00:07:27,538 [INFO] Viseme event | viseme_id=2 offset_ms=29616
2025-11-27 00:07:27,538 [INFO] Viseme event | viseme_id=0 offset_ms=29716
2025-11-27 00:07:28,240 [INFO] Viseme event | viseme_id=0 offset_ms=30166
2025-11-27 00:07:28,240 [INFO] Viseme event | viseme_id=2 offset_ms=30216
2025-11-27 00:07:28,241 [INFO] Viseme event | viseme_id=7 offset_ms=30516
2025-11-27 00:07:28,241 [INFO] Viseme event | viseme_id=19 offset_ms=30700
2025-11-27 00:07:28,241 [INFO] Viseme event | viseme_id=8 offset_ms=30766
2025-11-27 00:07:28,242 [INFO] Viseme event | viseme_id=12 offset_ms=31000
2025-11-27 00:07:28,242 [INFO] Viseme event | viseme_id=6 offset_ms=31133
2025-11-27 00:07:28,242 [INFO] Viseme event | viseme_id=1 offset_ms=31183
2025-11-27 00:07:28,242 [INFO] Viseme event | viseme_id=20 offset_ms=31233
2025-11-27 00:07:28,243 [INFO] Viseme event | viseme_id=6 offset_ms=31316
2025-11-27 00:07:28,243 [INFO] Viseme event | viseme_id=14 offset_ms=31400
2025-11-27 00:07:28,243 [INFO] Viseme event | viseme_id=7 offset_ms=31500
2025-11-27 00:07:28,243 [INFO] Viseme event | viseme_id=6 offset_ms=31583
2025-11-27 00:07:28,243 [INFO] Viseme event | viseme_id=12 offset_ms=31666
2025-11-27 00:07:28,244 [INFO] Viseme event | viseme_id=4 offset_ms=31866
2025-11-27 00:07:28,244 [INFO] Viseme event | viseme_id=20 offset_ms=32016
2025-11-27 00:07:28,244 [INFO] Viseme event | viseme_id=8 offset_ms=32183
2025-11-27 00:07:28,244 [INFO] Viseme event | viseme_id=20 offset_ms=32300
2025-11-27 00:07:28,244 [INFO] Viseme event | viseme_id=15 offset_ms=32383
2025-11-27 00:07:28,244 [INFO] Viseme event | viseme_id=6 offset_ms=32516
2025-11-27 00:07:28,244 [INFO] Viseme event | viseme_id=20 offset_ms=32599
2025-11-27 00:07:28,244 [INFO] Viseme event | viseme_id=6 offset_ms=32666
2025-11-27 00:07:28,244 [INFO] Viseme event | viseme_id=14 offset_ms=32766
2025-11-27 00:07:28,244 [INFO] Viseme event | viseme_id=8 offset_ms=32849
2025-11-27 00:07:28,245 [INFO] Viseme event | viseme_id=21 offset_ms=32966
2025-11-27 00:07:28,245 [INFO] Viseme event | viseme_id=20 offset_ms=33116
2025-11-27 00:07:28,245 [INFO] Viseme event | viseme_id=6 offset_ms=33183
2025-11-27 00:07:28,245 [INFO] Viseme event | viseme_id=20 offset_ms=33266
2025-11-27 00:07:28,246 [INFO] Viseme event | viseme_id=6 offset_ms=33333
2025-11-27 00:07:28,246 [INFO] Viseme event | viseme_id=19 offset_ms=33399
2025-11-27 00:07:28,247 [INFO] Viseme event | viseme_id=8 offset_ms=33466
2025-11-27 00:07:28,247 [INFO] Viseme event | viseme_id=12 offset_ms=33516
2025-11-27 00:07:28,247 [INFO] Viseme event | viseme_id=4 offset_ms=33566
2025-11-27 00:07:28,247 [INFO] Viseme event | viseme_id=15 offset_ms=33633
2025-11-27 00:07:28,247 [INFO] Viseme event | viseme_id=1 offset_ms=33816
2025-11-27 00:07:28,248 [INFO] Viseme event | viseme_id=6 offset_ms=34033
2025-11-27 00:07:28,248 [INFO] Viseme event | viseme_id=8 offset_ms=34283
2025-11-27 00:07:28,248 [INFO] Viseme event | viseme_id=0 offset_ms=34532
2025-11-27 00:07:28,942 [INFO] Viseme event | viseme_id=0 offset_ms=34970
2025-11-27 00:07:28,942 [INFO] Viseme event | viseme_id=20 offset_ms=35020
2025-11-27 00:07:28,943 [INFO] Viseme event | viseme_id=6 offset_ms=35120
2025-11-27 00:07:28,943 [INFO] Viseme event | viseme_id=19 offset_ms=35187
2025-11-27 00:07:28,943 [INFO] Viseme event | viseme_id=4 offset_ms=35237
2025-11-27 00:07:28,943 [INFO] Viseme event | viseme_id=15 offset_ms=35370
2025-11-27 00:07:28,943 [INFO] Viseme event | viseme_id=1 offset_ms=35470
2025-11-27 00:07:28,943 [INFO] Viseme event | viseme_id=21 offset_ms=35720
2025-11-27 00:07:28,943 [INFO] Viseme event | viseme_id=2 offset_ms=35820
2025-11-27 00:07:28,944 [INFO] Viseme event | viseme_id=21 offset_ms=35937
2025-11-27 00:07:28,944 [INFO] Viseme event | viseme_id=21 offset_ms=36037
2025-11-27 00:07:28,944 [INFO] Viseme event | viseme_id=2 offset_ms=36104
2025-11-27 00:07:28,944 [INFO] Viseme event | viseme_id=19 offset_ms=36237
2025-11-27 00:07:28,944 [INFO] Viseme event | viseme_id=2 offset_ms=36304
2025-11-27 00:07:28,957 [INFO] Viseme event | viseme_id=12 offset_ms=36587
2025-11-27 00:07:28,957 [INFO] Viseme event | viseme_id=6 offset_ms=36787
2025-11-27 00:07:28,957 [INFO] Viseme event | viseme_id=1 offset_ms=36829
2025-11-27 00:07:28,957 [INFO] Viseme event | viseme_id=20 offset_ms=36870
2025-11-27 00:07:28,957 [INFO] Viseme event | viseme_id=19 offset_ms=37004
2025-11-27 00:07:28,957 [INFO] Viseme event | viseme_id=16 offset_ms=37045
2025-11-27 00:07:28,958 [INFO] Viseme event | viseme_id=6 offset_ms=37087
2025-11-27 00:07:28,958 [INFO] Viseme event | viseme_id=21 offset_ms=37170
2025-11-27 00:07:28,958 [INFO] Viseme event | viseme_id=4 offset_ms=37237
2025-11-27 00:07:28,958 [INFO] Viseme event | viseme_id=20 offset_ms=37454
2025-11-27 00:07:28,958 [INFO] Viseme event | viseme_id=8 offset_ms=37587
2025-11-27 00:07:28,958 [INFO] Viseme event | viseme_id=20 offset_ms=37704
2025-11-27 00:07:28,959 [INFO] Viseme event | viseme_id=15 offset_ms=37787
2025-11-27 00:07:28,959 [INFO] Viseme event | viseme_id=6 offset_ms=37920
2025-11-27 00:07:28,959 [INFO] Viseme event | viseme_id=20 offset_ms=37987
2025-11-27 00:07:28,959 [INFO] Viseme event | viseme_id=6 offset_ms=38054
2025-11-27 00:07:28,959 [INFO] Viseme event | viseme_id=14 offset_ms=38170
2025-11-27 00:07:28,959 [INFO] Viseme event | viseme_id=20 offset_ms=38254
2025-11-27 00:07:28,959 [INFO] Viseme event | viseme_id=2 offset_ms=38370
2025-11-27 00:07:28,960 [INFO] Viseme event | viseme_id=19 offset_ms=38487
2025-11-27 00:07:28,960 [INFO] Viseme event | viseme_id=16 offset_ms=38529
2025-11-27 00:07:28,960 [INFO] Viseme event | viseme_id=1 offset_ms=38570
2025-11-27 00:07:28,960 [INFO] Viseme event | viseme_id=20 offset_ms=38637
2025-11-27 00:07:28,960 [INFO] Viseme event | viseme_id=2 offset_ms=38687
2025-11-27 00:07:28,960 [INFO] Viseme event | viseme_id=19 offset_ms=38770
2025-11-27 00:07:28,961 [INFO] Viseme event | viseme_id=19 offset_ms=38820
2025-11-27 00:07:28,961 [INFO] Viseme event | viseme_id=2 offset_ms=38887
2025-11-27 00:07:28,961 [INFO] Viseme event | viseme_id=21 offset_ms=38954
2025-11-27 00:07:28,961 [INFO] Viseme event | viseme_id=19 offset_ms=39020
2025-11-27 00:07:28,961 [INFO] Viseme event | viseme_id=6 offset_ms=39070
2025-11-27 00:07:28,961 [INFO] Viseme event | viseme_id=19 offset_ms=39237
2025-11-27 00:07:28,961 [INFO] Viseme event | viseme_id=2 offset_ms=39870
2025-11-27 00:07:28,962 [INFO] Viseme event | viseme_id=0 offset_ms=39969
2025-11-27 00:07:29,600 [INFO] Viseme event | viseme_id=0 offset_ms=40416
2025-11-27 00:07:29,601 [INFO] Viseme event | viseme_id=19 offset_ms=40466
2025-11-27 00:07:29,601 [INFO] Viseme event | viseme_id=7 offset_ms=40566
2025-11-27 00:07:29,602 [INFO] Viseme event | viseme_id=14 offset_ms=40700
2025-11-27 00:07:29,602 [INFO] Viseme event | viseme_id=19 offset_ms=40866
2025-11-27 00:07:29,602 [INFO] Viseme event | viseme_id=2 offset_ms=40916
2025-11-27 00:07:29,602 [INFO] Viseme event | viseme_id=15 offset_ms=41216
2025-11-27 00:07:29,602 [INFO] Viseme event | viseme_id=1 offset_ms=41366
2025-11-27 00:07:29,603 [INFO] Viseme event | viseme_id=19 offset_ms=41466
2025-11-27 00:07:29,603 [INFO] Viseme event | viseme_id=8 offset_ms=41533
2025-11-27 00:07:29,603 [INFO] Viseme event | viseme_id=19 offset_ms=41616
2025-11-27 00:07:29,603 [INFO] Viseme event | viseme_id=6 offset_ms=41666
2025-11-27 00:07:29,603 [INFO] Viseme event | viseme_id=14 offset_ms=41733
2025-11-27 00:07:29,603 [INFO] Viseme event | viseme_id=15 offset_ms=41783
2025-11-27 00:07:29,604 [INFO] Viseme event | viseme_id=4 offset_ms=41866
2025-11-27 00:07:29,604 [INFO] Viseme event | viseme_id=20 offset_ms=41933
2025-11-27 00:07:29,604 [INFO] Viseme event | viseme_id=20 offset_ms=42016
2025-11-27 00:07:29,604 [INFO] Viseme event | viseme_id=2 offset_ms=42066
2025-11-27 00:07:29,604 [INFO] Viseme event | viseme_id=20 offset_ms=42150
2025-11-27 00:07:29,604 [INFO] Viseme event | viseme_id=2 offset_ms=42300
2025-11-27 00:07:29,604 [INFO] Viseme event | viseme_id=21 offset_ms=42383
2025-11-27 00:07:29,604 [INFO] Viseme event | viseme_id=6 offset_ms=42466
2025-11-27 00:07:29,605 [INFO] Viseme event | viseme_id=1 offset_ms=42641
2025-11-27 00:07:29,605 [INFO] Viseme event | viseme_id=20 offset_ms=42816
2025-11-27 00:07:29,605 [INFO] Viseme event | viseme_id=8 offset_ms=42999
2025-11-27 00:07:29,605 [INFO] Viseme event | viseme_id=20 offset_ms=43099
2025-11-27 00:07:29,605 [INFO] Viseme event | viseme_id=15 offset_ms=43183
2025-11-27 00:07:29,605 [INFO] Viseme event | viseme_id=6 offset_ms=43316
2025-11-27 00:07:29,605 [INFO] Viseme event | viseme_id=20 offset_ms=43399
2025-11-27 00:07:29,605 [INFO] Viseme event | viseme_id=6 offset_ms=43466
2025-11-27 00:07:29,606 [INFO] Viseme event | viseme_id=14 offset_ms=43549
2025-11-27 00:07:29,606 [INFO] Viseme event | viseme_id=19 offset_ms=43616
2025-11-27 00:07:29,606 [INFO] Viseme event | viseme_id=2 offset_ms=43683
2025-11-27 00:07:29,606 [INFO] Viseme event | viseme_id=19 offset_ms=43816
2025-11-27 00:07:29,606 [INFO] Viseme event | viseme_id=7 offset_ms=43883
2025-11-27 00:07:29,606 [INFO] Viseme event | viseme_id=1 offset_ms=43983
2025-11-27 00:07:29,606 [INFO] Viseme event | viseme_id=15 offset_ms=44066
2025-11-27 00:07:29,606 [INFO] Viseme event | viseme_id=1 offset_ms=44266
2025-11-27 00:07:29,607 [INFO] Viseme event | viseme_id=6 offset_ms=44483
2025-11-27 00:07:29,607 [INFO] Viseme event | viseme_id=8 offset_ms=44733
2025-11-27 00:07:29,607 [INFO] Viseme event | viseme_id=0 offset_ms=44982
2025-11-27 00:07:30,275 [INFO] Viseme event | viseme_id=0 offset_ms=45420
2025-11-27 00:07:30,275 [INFO] Viseme event | viseme_id=20 offset_ms=45470
2025-11-27 00:07:30,276 [INFO] Viseme event | viseme_id=6 offset_ms=45554
2025-11-27 00:07:30,276 [INFO] Viseme event | viseme_id=19 offset_ms=45620
2025-11-27 00:07:30,277 [INFO] Viseme event | viseme_id=1 offset_ms=45670
2025-11-27 00:07:30,277 [INFO] Viseme event | viseme_id=19 offset_ms=45787
2025-11-27 00:07:30,277 [INFO] Viseme event | viseme_id=1 offset_ms=45854
2025-11-27 00:07:30,277 [INFO] Viseme event | viseme_id=19 offset_ms=45970
2025-11-27 00:07:30,277 [INFO] Viseme event | viseme_id=1 offset_ms=46037
2025-11-27 00:07:30,278 [INFO] Viseme event | viseme_id=19 offset_ms=46204
2025-11-27 00:07:30,278 [INFO] Viseme event | viseme_id=6 offset_ms=46270
2025-11-27 00:07:30,278 [INFO] Viseme event | viseme_id=19 offset_ms=46337
2025-11-27 00:07:30,279 [INFO] Viseme event | viseme_id=2 offset_ms=46404
2025-11-27 00:07:30,279 [INFO] Viseme event | viseme_id=14 offset_ms=46587
2025-11-27 00:07:30,279 [INFO] Viseme event | viseme_id=0 offset_ms=46919
2025-11-27 00:07:30,280 [INFO] Viseme event | viseme_id=20 offset_ms=47354
2025-11-27 00:07:30,280 [INFO] Viseme event | viseme_id=6 offset_ms=47504
2025-11-27 00:07:30,280 [INFO] Viseme event | viseme_id=19 offset_ms=47587
2025-11-27 00:07:30,280 [INFO] Viseme event | viseme_id=4 offset_ms=47637
2025-11-27 00:07:30,280 [INFO] Viseme event | viseme_id=15 offset_ms=47770
2025-11-27 00:07:30,280 [INFO] Viseme event | viseme_id=1 offset_ms=47887
2025-11-27 00:07:30,280 [INFO] Viseme event | viseme_id=19 offset_ms=48137
2025-11-27 00:07:30,281 [INFO] Viseme event | viseme_id=7 offset_ms=48287
2025-11-27 00:07:30,281 [INFO] Viseme event | viseme_id=19 offset_ms=48404
2025-11-27 00:07:30,281 [INFO] Viseme event | viseme_id=6 offset_ms=48454
2025-11-27 00:07:30,281 [INFO] Viseme event | viseme_id=21 offset_ms=48604
2025-11-27 00:07:30,281 [INFO] Viseme event | viseme_id=2 offset_ms=48687
2025-11-27 00:07:30,282 [INFO] Viseme event | viseme_id=19 offset_ms=48837
2025-11-27 00:07:30,282 [INFO] Viseme event | viseme_id=16 offset_ms=48879
2025-11-27 00:07:30,282 [INFO] Viseme event | viseme_id=7 offset_ms=48920
2025-11-27 00:07:30,282 [INFO] Viseme event | viseme_id=19 offset_ms=49004
2025-11-27 00:07:30,283 [INFO] Viseme event | viseme_id=16 offset_ms=49070
2025-11-27 00:07:30,283 [INFO] Viseme event | viseme_id=1 offset_ms=49137
2025-11-27 00:07:30,283 [INFO] Viseme event | viseme_id=15 offset_ms=49204
2025-11-27 00:07:30,283 [INFO] Viseme event | viseme_id=1 offset_ms=49387
2025-11-27 00:07:30,283 [INFO] Viseme event | viseme_id=6 offset_ms=49604
2025-11-27 00:07:30,283 [INFO] Viseme event | viseme_id=8 offset_ms=49829
2025-11-27 00:07:30,283 [INFO] Viseme event | viseme_id=0 offset_ms=50053
2025-11-27 00:07:30,945 [INFO] Viseme event | viseme_id=0 offset_ms=50500
2025-11-27 00:07:30,947 [INFO] Viseme event | viseme_id=15 offset_ms=50550
2025-11-27 00:07:30,947 [INFO] Viseme event | viseme_id=1 offset_ms=50750
2025-11-27 00:07:30,947 [INFO] Viseme event | viseme_id=19 offset_ms=50850
2025-11-27 00:07:30,947 [INFO] Viseme event | viseme_id=8 offset_ms=50916
2025-11-27 00:07:30,948 [INFO] Viseme event | viseme_id=19 offset_ms=51033
2025-11-27 00:07:30,948 [INFO] Viseme event | viseme_id=8 offset_ms=51100
2025-11-27 00:07:30,948 [INFO] Viseme event | viseme_id=14 offset_ms=51216
2025-11-27 00:07:30,948 [INFO] Viseme event | viseme_id=14 offset_ms=51300
2025-11-27 00:07:30,948 [INFO] Viseme event | viseme_id=2 offset_ms=51366
2025-11-27 00:07:30,948 [INFO] Viseme event | viseme_id=15 offset_ms=51466
2025-11-27 00:07:30,949 [INFO] Viseme event | viseme_id=1 offset_ms=51566
2025-11-27 00:07:30,949 [INFO] Viseme event | viseme_id=21 offset_ms=51666
2025-11-27 00:07:30,949 [INFO] Viseme event | viseme_id=1 offset_ms=51733
2025-11-27 00:07:30,949 [INFO] Viseme event | viseme_id=21 offset_ms=51833
2025-11-27 00:07:30,949 [INFO] Viseme event | viseme_id=19 offset_ms=51933
2025-11-27 00:07:30,949 [INFO] Viseme event | viseme_id=16 offset_ms=51983
2025-11-27 00:07:30,950 [INFO] Viseme event | viseme_id=7 offset_ms=52033
2025-11-27 00:07:30,950 [INFO] Viseme event | viseme_id=1 offset_ms=52075
2025-11-27 00:07:30,950 [INFO] Viseme event | viseme_id=19 offset_ms=52116
2025-11-27 00:07:30,950 [INFO] Viseme event | viseme_id=19 offset_ms=52183
2025-11-27 00:07:30,950 [INFO] Viseme event | viseme_id=16 offset_ms=52233
2025-11-27 00:07:30,950 [INFO] Viseme event | viseme_id=6 offset_ms=52283
2025-11-27 00:07:30,950 [INFO] Viseme event | viseme_id=21 offset_ms=52349
2025-11-27 00:07:30,950 [INFO] Viseme event | viseme_id=2 offset_ms=52416
2025-11-27 00:07:30,950 [INFO] Viseme event | viseme_id=19 offset_ms=52549
2025-11-27 00:07:30,950 [INFO] Viseme event | viseme_id=0 offset_ms=52916
2025-11-27 00:07:30,950 [INFO] Viseme event | viseme_id=20 offset_ms=53349
2025-11-27 00:07:30,950 [INFO] Viseme event | viseme_id=8 offset_ms=53483
2025-11-27 00:07:30,950 [INFO] Viseme event | viseme_id=19 offset_ms=53633
2025-11-27 00:07:30,951 [INFO] Viseme event | viseme_id=21 offset_ms=53716
2025-11-27 00:07:30,951 [INFO] Viseme event | viseme_id=6 offset_ms=53849
2025-11-27 00:07:30,951 [INFO] Viseme event | viseme_id=15 offset_ms=53999
2025-11-27 00:07:30,951 [INFO] Viseme event | viseme_id=8 offset_ms=54116
2025-11-27 00:07:30,951 [INFO] Viseme event | viseme_id=20 offset_ms=54216
2025-11-27 00:07:30,951 [INFO] Viseme event | viseme_id=2 offset_ms=54299
2025-11-27 00:07:30,952 [INFO] Viseme event | viseme_id=21 offset_ms=54449
2025-11-27 00:07:30,952 [INFO] Viseme event | viseme_id=1 offset_ms=54566
2025-11-27 00:07:30,952 [INFO] Viseme event | viseme_id=19 offset_ms=54666
2025-11-27 00:07:30,952 [INFO] Viseme event | viseme_id=19 offset_ms=54766
2025-11-27 00:07:30,952 [INFO] Viseme event | viseme_id=16 offset_ms=54799
2025-11-27 00:07:30,952 [INFO] Viseme event | viseme_id=1 offset_ms=54833
2025-11-27 00:07:30,952 [INFO] Viseme event | viseme_id=19 offset_ms=54916
2025-11-27 00:07:30,952 [INFO] Viseme event | viseme_id=19 offset_ms=54966
2025-11-27 00:07:30,953 [INFO] Viseme event | viseme_id=2 offset_ms=55016
2025-11-27 00:07:30,953 [INFO] Viseme event | viseme_id=21 offset_ms=55083
2025-11-27 00:07:30,953 [INFO] Viseme event | viseme_id=19 offset_ms=55149
2025-11-27 00:07:30,953 [INFO] Viseme event | viseme_id=6 offset_ms=55199
2025-11-27 00:07:30,953 [INFO] Viseme event | viseme_id=19 offset_ms=55349
2025-11-27 00:07:30,953 [INFO] Viseme event | viseme_id=2 offset_ms=55816
2025-11-27 00:07:30,953 [INFO] Viseme event | viseme_id=0 offset_ms=55949
2025-11-27 00:07:31,067 [INFO] Synthesis completed successfully
2025-11-27 00:07:32,973 [INFO] Client disconnected
2025-11-27 00:20:01,420 [INFO] Received TTS request | voice=ko-KR-HyunsuNeural speaking_rate=0.75 chars=287
2025-11-27 00:20:02,151 [INFO] Viseme event | viseme_id=0 offset_ms=50
2025-11-27 00:20:02,151 [INFO] Viseme event | viseme_id=6 offset_ms=100
2025-11-27 00:20:02,151 [INFO] Viseme event | viseme_id=4 offset_ms=233
2025-11-27 00:20:02,152 [INFO] Viseme event | viseme_id=19 offset_ms=366
2025-11-27 00:20:02,152 [INFO] Viseme event | viseme_id=19 offset_ms=450
2025-11-27 00:20:02,152 [INFO] Viseme event | viseme_id=2 offset_ms=516
2025-11-27 00:20:02,152 [INFO] Viseme event | viseme_id=14 offset_ms=633
2025-11-27 00:20:02,152 [INFO] Viseme event | viseme_id=6 offset_ms=716
2025-11-27 00:20:02,152 [INFO] Viseme event | viseme_id=4 offset_ms=775
2025-11-27 00:20:02,152 [INFO] Viseme event | viseme_id=19 offset_ms=833
2025-11-27 00:20:02,152 [INFO] Viseme event | viseme_id=19 offset_ms=916
2025-11-27 00:20:02,152 [INFO] Viseme event | viseme_id=2 offset_ms=983
2025-11-27 00:20:02,153 [INFO] Viseme event | viseme_id=19 offset_ms=1083
2025-11-27 00:20:02,153 [INFO] Viseme event | viseme_id=4 offset_ms=1133
2025-11-27 00:20:02,153 [INFO] Viseme event | viseme_id=21 offset_ms=1383
2025-11-27 00:20:02,153 [INFO] Viseme event | viseme_id=2 offset_ms=1516
2025-11-27 00:20:02,153 [INFO] Viseme event | viseme_id=6 offset_ms=1700
2025-11-27 00:20:02,153 [INFO] Viseme event | viseme_id=21 offset_ms=1766
2025-11-27 00:20:02,153 [INFO] Viseme event | viseme_id=15 offset_ms=1849
2025-11-27 00:20:02,154 [INFO] Viseme event | viseme_id=6 offset_ms=2033
2025-11-27 00:20:02,154 [INFO] Viseme event | viseme_id=20 offset_ms=2266
2025-11-27 00:20:02,154 [INFO] Viseme event | viseme_id=8 offset_ms=2433
2025-11-27 00:20:02,154 [INFO] Viseme event | viseme_id=7 offset_ms=2616
2025-11-27 00:20:02,154 [INFO] Viseme event | viseme_id=19 offset_ms=2699
2025-11-27 00:20:02,154 [INFO] Viseme event | viseme_id=12 offset_ms=2766
2025-11-27 00:20:02,154 [INFO] Viseme event | viseme_id=6 offset_ms=2833
2025-11-27 00:20:02,154 [INFO] Viseme event | viseme_id=1 offset_ms=2874
2025-11-27 00:20:02,154 [INFO] Viseme event | viseme_id=20 offset_ms=2916
2025-11-27 00:20:02,154 [INFO] Viseme event | viseme_id=20 offset_ms=3066
2025-11-27 00:20:02,154 [INFO] Viseme event | viseme_id=7 offset_ms=3133
2025-11-27 00:20:02,155 [INFO] Viseme event | viseme_id=2 offset_ms=3258
2025-11-27 00:20:02,155 [INFO] Viseme event | viseme_id=2 offset_ms=3383
2025-11-27 00:20:02,155 [INFO] Viseme event | viseme_id=7 offset_ms=3616
2025-11-27 00:20:02,155 [INFO] Viseme event | viseme_id=20 offset_ms=3749
2025-11-27 00:20:02,155 [INFO] Viseme event | viseme_id=2 offset_ms=3833
2025-11-27 00:20:02,155 [INFO] Viseme event | viseme_id=6 offset_ms=3899
2025-11-27 00:20:02,155 [INFO] Viseme event | viseme_id=15 offset_ms=3983
2025-11-27 00:20:02,155 [INFO] Viseme event | viseme_id=1 offset_ms=4133
2025-11-27 00:20:02,155 [INFO] Viseme event | viseme_id=15 offset_ms=4199
2025-11-27 00:20:02,155 [INFO] Viseme event | viseme_id=1 offset_ms=4383
2025-11-27 00:20:02,155 [INFO] Viseme event | viseme_id=6 offset_ms=4566
2025-11-27 00:20:02,155 [INFO] Viseme event | viseme_id=8 offset_ms=4824
2025-11-27 00:20:02,155 [INFO] Viseme event | viseme_id=0 offset_ms=5083
2025-11-27 00:20:02,882 [INFO] Viseme event | viseme_id=0 offset_ms=5533
2025-11-27 00:20:02,882 [INFO] Viseme event | viseme_id=12 offset_ms=5583
2025-11-27 00:20:02,882 [INFO] Viseme event | viseme_id=6 offset_ms=5700
2025-11-27 00:20:02,883 [INFO] Viseme event | viseme_id=1 offset_ms=5750
2025-11-27 00:20:02,883 [INFO] Viseme event | viseme_id=20 offset_ms=5800
2025-11-27 00:20:02,883 [INFO] Viseme event | viseme_id=6 offset_ms=5883
2025-11-27 00:20:02,883 [INFO] Viseme event | viseme_id=19 offset_ms=5966
2025-11-27 00:20:02,883 [INFO] Viseme event | viseme_id=12 offset_ms=6050
2025-11-27 00:20:02,884 [INFO] Viseme event | viseme_id=8 offset_ms=6150
2025-11-27 00:20:02,884 [INFO] Viseme event | viseme_id=19 offset_ms=6216
2025-11-27 00:20:02,884 [INFO] Viseme event | viseme_id=19 offset_ms=6316
2025-11-27 00:20:02,884 [INFO] Viseme event | viseme_id=16 offset_ms=6350
2025-11-27 00:20:02,884 [INFO] Viseme event | viseme_id=2 offset_ms=6383
2025-11-27 00:20:02,884 [INFO] Viseme event | viseme_id=15 offset_ms=6450
2025-11-27 00:20:02,884 [INFO] Viseme event | viseme_id=2 offset_ms=6550
2025-11-27 00:20:02,884 [INFO] Viseme event | viseme_id=14 offset_ms=6633
2025-11-27 00:20:02,884 [INFO] Viseme event | viseme_id=20 offset_ms=6750
2025-11-27 00:20:02,884 [INFO] Viseme event | viseme_id=8 offset_ms=6833
2025-11-27 00:20:02,886 [INFO] Viseme event | viseme_id=0 offset_ms=7316
2025-11-27 00:20:02,886 [INFO] Viseme event | viseme_id=2 offset_ms=7849
2025-11-27 00:20:02,886 [INFO] Viseme event | viseme_id=7 offset_ms=8149
2025-11-27 00:20:02,886 [INFO] Viseme event | viseme_id=19 offset_ms=8316
2025-11-27 00:20:02,886 [INFO] Viseme event | viseme_id=6 offset_ms=8383
2025-11-27 00:20:02,886 [INFO] Viseme event | viseme_id=19 offset_ms=8483
2025-11-27 00:20:02,886 [INFO] Viseme event | viseme_id=2 offset_ms=8583
2025-11-27 00:20:02,886 [INFO] Viseme event | viseme_id=19 offset_ms=8766
2025-11-27 00:20:02,886 [INFO] Viseme event | viseme_id=4 offset_ms=8833
2025-11-27 00:20:02,886 [INFO] Viseme event | viseme_id=7 offset_ms=8966
2025-11-27 00:20:02,886 [INFO] Viseme event | viseme_id=2 offset_ms=9091
2025-11-27 00:20:02,887 [INFO] Viseme event | viseme_id=2 offset_ms=9216
2025-11-27 00:20:02,887 [INFO] Viseme event | viseme_id=6 offset_ms=9433
2025-11-27 00:20:02,887 [INFO] Viseme event | viseme_id=19 offset_ms=9583
2025-11-27 00:20:02,887 [INFO] Viseme event | viseme_id=6 offset_ms=9649
2025-11-27 00:20:02,887 [INFO] Viseme event | viseme_id=19 offset_ms=9699
2025-11-27 00:20:02,888 [INFO] Viseme event | viseme_id=6 offset_ms=9749
2025-11-27 00:20:02,888 [INFO] Viseme event | viseme_id=21 offset_ms=9883
2025-11-27 00:20:02,888 [INFO] Viseme event | viseme_id=2 offset_ms=9949
2025-11-27 00:20:02,888 [INFO] Viseme event | viseme_id=19 offset_ms=10066
2025-11-27 00:20:02,888 [INFO] Viseme event | viseme_id=2 offset_ms=10116
2025-11-27 00:20:02,888 [INFO] Viseme event | viseme_id=19 offset_ms=10199
2025-11-27 00:20:02,888 [INFO] Viseme event | viseme_id=19 offset_ms=10249
2025-11-27 00:20:02,889 [INFO] Viseme event | viseme_id=2 offset_ms=10299
2025-11-27 00:20:02,889 [INFO] Viseme event | viseme_id=21 offset_ms=10366
2025-11-27 00:20:02,889 [INFO] Viseme event | viseme_id=19 offset_ms=10433
2025-11-27 00:20:02,889 [INFO] Viseme event | viseme_id=6 offset_ms=10483
2025-11-27 00:20:02,889 [INFO] Viseme event | viseme_id=19 offset_ms=10633
2025-11-27 00:20:02,889 [INFO] Viseme event | viseme_id=2 offset_ms=11149
2025-11-27 00:20:02,889 [INFO] Viseme event | viseme_id=0 offset_ms=11266
2025-11-27 00:20:03,456 [INFO] Viseme event | viseme_id=0 offset_ms=11716
2025-11-27 00:20:03,456 [INFO] Viseme event | viseme_id=20 offset_ms=11766
2025-11-27 00:20:03,456 [INFO] Viseme event | viseme_id=2 offset_ms=11900
2025-11-27 00:20:03,456 [INFO] Viseme event | viseme_id=6 offset_ms=12116
2025-11-27 00:20:03,457 [INFO] Viseme event | viseme_id=19 offset_ms=12233
2025-11-27 00:20:03,457 [INFO] Viseme event | viseme_id=6 offset_ms=12283
2025-11-27 00:20:03,457 [INFO] Viseme event | viseme_id=19 offset_ms=12400
2025-11-27 00:20:03,457 [INFO] Viseme event | viseme_id=1 offset_ms=12466
2025-11-27 00:20:03,457 [INFO] Viseme event | viseme_id=1 offset_ms=12650
2025-11-27 00:20:03,458 [INFO] Viseme event | viseme_id=21 offset_ms=12933
2025-11-27 00:20:03,458 [INFO] Viseme event | viseme_id=6 offset_ms=13066
2025-11-27 00:20:03,458 [INFO] Viseme event | viseme_id=1 offset_ms=13150
2025-11-27 00:20:03,459 [INFO] Viseme event | viseme_id=19 offset_ms=13233
2025-11-27 00:20:03,459 [INFO] Viseme event | viseme_id=6 offset_ms=13283
2025-11-27 00:20:03,459 [INFO] Viseme event | viseme_id=14 offset_ms=13399
2025-11-27 00:20:03,459 [INFO] Viseme event | viseme_id=15 offset_ms=13466
2025-11-27 00:20:03,459 [INFO] Viseme event | viseme_id=7 offset_ms=13616
2025-11-27 00:20:03,460 [INFO] Viseme event | viseme_id=12 offset_ms=13666
2025-11-27 00:20:03,460 [INFO] Viseme event | viseme_id=7 offset_ms=13699
2025-11-27 00:20:03,460 [INFO] Viseme event | viseme_id=2 offset_ms=13741
2025-11-27 00:20:03,460 [INFO] Viseme event | viseme_id=20 offset_ms=13783
2025-11-27 00:20:03,460 [INFO] Viseme event | viseme_id=4 offset_ms=13916
2025-11-27 00:20:03,460 [INFO] Viseme event | viseme_id=15 offset_ms=13983
2025-11-27 00:20:03,461 [INFO] Viseme event | viseme_id=1 offset_ms=14166
2025-11-27 00:20:03,461 [INFO] Viseme event | viseme_id=6 offset_ms=14399
2025-11-27 00:20:03,461 [INFO] Viseme event | viseme_id=8 offset_ms=14641
2025-11-27 00:20:03,461 [INFO] Viseme event | viseme_id=0 offset_ms=14882
2025-11-27 00:20:04,294 [INFO] Viseme event | viseme_id=0 offset_ms=15333
2025-11-27 00:20:04,294 [INFO] Viseme event | viseme_id=12 offset_ms=15383
2025-11-27 00:20:04,294 [INFO] Viseme event | viseme_id=6 offset_ms=15583
2025-11-27 00:20:04,296 [INFO] Viseme event | viseme_id=1 offset_ms=15633
2025-11-27 00:20:04,296 [INFO] Viseme event | viseme_id=20 offset_ms=15683
2025-11-27 00:20:04,296 [INFO] Viseme event | viseme_id=6 offset_ms=15766
2025-11-27 00:20:04,296 [INFO] Viseme event | viseme_id=19 offset_ms=15883
2025-11-27 00:20:04,296 [INFO] Viseme event | viseme_id=2 offset_ms=16083
2025-11-27 00:20:04,296 [INFO] Viseme event | viseme_id=7 offset_ms=16283
2025-11-27 00:20:04,297 [INFO] Viseme event | viseme_id=20 offset_ms=16433
2025-11-27 00:20:04,297 [INFO] Viseme event | viseme_id=2 offset_ms=16516
2025-11-27 00:20:04,297 [INFO] Viseme event | viseme_id=19 offset_ms=16700
2025-11-27 00:20:04,297 [INFO] Viseme event | viseme_id=1 offset_ms=16800
2025-11-27 00:20:04,297 [INFO] Viseme event | viseme_id=21 offset_ms=16950
2025-11-27 00:20:04,297 [INFO] Viseme event | viseme_id=6 offset_ms=17100
2025-11-27 00:20:04,297 [INFO] Viseme event | viseme_id=19 offset_ms=17166
2025-11-27 00:20:04,297 [INFO] Viseme event | viseme_id=6 offset_ms=17216
2025-11-27 00:20:04,297 [INFO] Viseme event | viseme_id=8 offset_ms=17241
2025-11-27 00:20:04,297 [INFO] Viseme event | viseme_id=12 offset_ms=17266
2025-11-27 00:20:04,297 [INFO] Viseme event | viseme_id=2 offset_ms=17316
2025-11-27 00:20:04,297 [INFO] Viseme event | viseme_id=14 offset_ms=17366
2025-11-27 00:20:04,298 [INFO] Viseme event | viseme_id=20 offset_ms=17416
2025-11-27 00:20:04,298 [INFO] Viseme event | viseme_id=1 offset_ms=17500
2025-11-27 00:20:04,298 [INFO] Viseme event | viseme_id=19 offset_ms=17566
2025-11-27 00:20:04,298 [INFO] Viseme event | viseme_id=20 offset_ms=17600
2025-11-27 00:20:04,298 [INFO] Viseme event | viseme_id=2 offset_ms=17650
2025-11-27 00:20:04,298 [INFO] Viseme event | viseme_id=19 offset_ms=17733
2025-11-27 00:20:04,298 [INFO] Viseme event | viseme_id=2 offset_ms=17900
2025-11-27 00:20:04,298 [INFO] Viseme event | viseme_id=20 offset_ms=18233
2025-11-27 00:20:04,298 [INFO] Viseme event | viseme_id=8 offset_ms=18749
2025-11-27 00:20:04,298 [INFO] Viseme event | viseme_id=20 offset_ms=18833
2025-11-27 00:20:04,298 [INFO] Viseme event | viseme_id=15 offset_ms=18916
2025-11-27 00:20:04,298 [INFO] Viseme event | viseme_id=6 offset_ms=19033
2025-11-27 00:20:04,298 [INFO] Viseme event | viseme_id=20 offset_ms=19099
2025-11-27 00:20:04,299 [INFO] Viseme event | viseme_id=6 offset_ms=19149
2025-11-27 00:20:04,299 [INFO] Viseme event | viseme_id=14 offset_ms=19216
2025-11-27 00:20:04,299 [INFO] Viseme event | viseme_id=21 offset_ms=19266
2025-11-27 00:20:04,299 [INFO] Viseme event | viseme_id=8 offset_ms=19333
2025-11-27 00:20:04,299 [INFO] Viseme event | viseme_id=14 offset_ms=19433
2025-11-27 00:20:04,299 [INFO] Viseme event | viseme_id=14 offset_ms=19533
2025-11-27 00:20:04,299 [INFO] Viseme event | viseme_id=4 offset_ms=19616
2025-11-27 00:20:04,299 [INFO] Viseme event | viseme_id=2 offset_ms=19933
2025-11-27 00:20:04,299 [INFO] Viseme event | viseme_id=7 offset_ms=20233
2025-11-27 00:20:04,300 [INFO] Viseme event | viseme_id=19 offset_ms=20383
2025-11-27 00:20:04,300 [INFO] Viseme event | viseme_id=16 offset_ms=20441
2025-11-27 00:20:04,300 [INFO] Viseme event | viseme_id=6 offset_ms=20499
2025-11-27 00:20:04,300 [INFO] Viseme event | viseme_id=21 offset_ms=20566
2025-11-27 00:20:04,300 [INFO] Viseme event | viseme_id=4 offset_ms=20633
2025-11-27 00:20:04,300 [INFO] Viseme event | viseme_id=20 offset_ms=20733
2025-11-27 00:20:04,300 [INFO] Viseme event | viseme_id=2 offset_ms=20816
2025-11-27 00:20:04,300 [INFO] Viseme event | viseme_id=19 offset_ms=20933
2025-11-27 00:20:04,300 [INFO] Viseme event | viseme_id=16 offset_ms=20974
2025-11-27 00:20:04,300 [INFO] Viseme event | viseme_id=1 offset_ms=21016
2025-11-27 00:20:04,300 [INFO] Viseme event | viseme_id=19 offset_ms=21083
2025-11-27 00:20:04,301 [INFO] Viseme event | viseme_id=2 offset_ms=21149
2025-11-27 00:20:04,301 [INFO] Viseme event | viseme_id=19 offset_ms=21233
2025-11-27 00:20:04,301 [INFO] Viseme event | viseme_id=8 offset_ms=21316
2025-11-27 00:20:04,301 [INFO] Viseme event | viseme_id=2 offset_ms=21449
2025-11-27 00:20:04,301 [INFO] Viseme event | viseme_id=15 offset_ms=21533
2025-11-27 00:20:04,301 [INFO] Viseme event | viseme_id=1 offset_ms=21716
2025-11-27 00:20:04,301 [INFO] Viseme event | viseme_id=6 offset_ms=21899
2025-11-27 00:20:04,301 [INFO] Viseme event | viseme_id=8 offset_ms=22324
2025-11-27 00:20:04,301 [INFO] Viseme event | viseme_id=0 offset_ms=22749
2025-11-27 00:20:05,286 [INFO] Viseme event | viseme_id=0 offset_ms=23200
2025-11-27 00:20:05,286 [INFO] Viseme event | viseme_id=2 offset_ms=23250
2025-11-27 00:20:05,286 [INFO] Viseme event | viseme_id=7 offset_ms=23550
2025-11-27 00:20:05,287 [INFO] Viseme event | viseme_id=19 offset_ms=23733
2025-11-27 00:20:05,287 [INFO] Viseme event | viseme_id=8 offset_ms=23800
2025-11-27 00:20:05,287 [INFO] Viseme event | viseme_id=12 offset_ms=24066
2025-11-27 00:20:05,287 [INFO] Viseme event | viseme_id=6 offset_ms=24183
2025-11-27 00:20:05,287 [INFO] Viseme event | viseme_id=1 offset_ms=24233
2025-11-27 00:20:05,287 [INFO] Viseme event | viseme_id=20 offset_ms=24283
2025-11-27 00:20:05,288 [INFO] Viseme event | viseme_id=6 offset_ms=24366
2025-11-27 00:20:05,288 [INFO] Viseme event | viseme_id=12 offset_ms=24466
2025-11-27 00:20:05,288 [INFO] Viseme event | viseme_id=6 offset_ms=24533
2025-11-27 00:20:05,288 [INFO] Viseme event | viseme_id=21 offset_ms=24600
2025-11-27 00:20:05,288 [INFO] Viseme event | viseme_id=19 offset_ms=24700
2025-11-27 00:20:05,288 [INFO] Viseme event | viseme_id=6 offset_ms=24750
2025-11-27 00:20:05,288 [INFO] Viseme event | viseme_id=14 offset_ms=24800
2025-11-27 00:20:05,288 [INFO] Viseme event | viseme_id=20 offset_ms=24900
2025-11-27 00:20:05,288 [INFO] Viseme event | viseme_id=2 offset_ms=25033
2025-11-27 00:20:05,289 [INFO] Viseme event | viseme_id=21 offset_ms=25333
2025-11-27 00:20:05,289 [INFO] Viseme event | viseme_id=7 offset_ms=25449
2025-11-27 00:20:05,289 [INFO] Viseme event | viseme_id=2 offset_ms=25608
2025-11-27 00:20:05,289 [INFO] Viseme event | viseme_id=20 offset_ms=25766
2025-11-27 00:20:05,289 [INFO] Viseme event | viseme_id=8 offset_ms=25899
2025-11-27 00:20:05,289 [INFO] Viseme event | viseme_id=20 offset_ms=25999
2025-11-27 00:20:05,289 [INFO] Viseme event | viseme_id=15 offset_ms=26083
2025-11-27 00:20:05,289 [INFO] Viseme event | viseme_id=6 offset_ms=26216
2025-11-27 00:20:05,289 [INFO] Viseme event | viseme_id=20 offset_ms=26283
2025-11-27 00:20:05,289 [INFO] Viseme event | viseme_id=6 offset_ms=26349
2025-11-27 00:20:05,290 [INFO] Viseme event | viseme_id=14 offset_ms=26516
2025-11-27 00:20:05,290 [INFO] Viseme event | viseme_id=12 offset_ms=26633
2025-11-27 00:20:05,290 [INFO] Viseme event | viseme_id=6 offset_ms=26766
2025-11-27 00:20:05,290 [INFO] Viseme event | viseme_id=1 offset_ms=26808
2025-11-27 00:20:05,290 [INFO] Viseme event | viseme_id=20 offset_ms=26849
2025-11-27 00:20:05,290 [INFO] Viseme event | viseme_id=19 offset_ms=26983
2025-11-27 00:20:05,290 [INFO] Viseme event | viseme_id=16 offset_ms=27024
2025-11-27 00:20:05,290 [INFO] Viseme event | viseme_id=6 offset_ms=27066
2025-11-27 00:20:05,290 [INFO] Viseme event | viseme_id=21 offset_ms=27133
2025-11-27 00:20:05,290 [INFO] Viseme event | viseme_id=6 offset_ms=27199
2025-11-27 00:20:05,290 [INFO] Viseme event | viseme_id=19 offset_ms=27266
2025-11-27 00:20:05,290 [INFO] Viseme event | viseme_id=8 offset_ms=27316
2025-11-27 00:20:05,291 [INFO] Viseme event | viseme_id=8 offset_ms=27449
2025-11-27 00:20:05,291 [INFO] Viseme event | viseme_id=21 offset_ms=27566
2025-11-27 00:20:05,291 [INFO] Viseme event | viseme_id=20 offset_ms=27683
2025-11-27 00:20:05,291 [INFO] Viseme event | viseme_id=6 offset_ms=27749
2025-11-27 00:20:05,292 [INFO] Viseme event | viseme_id=1 offset_ms=27799
2025-11-27 00:20:05,292 [INFO] Viseme event | viseme_id=19 offset_ms=27849
2025-11-27 00:20:05,292 [INFO] Viseme event | viseme_id=19 offset_ms=27899
2025-11-27 00:20:05,292 [INFO] Viseme event | viseme_id=2 offset_ms=27949
2025-11-27 00:20:05,293 [INFO] Viseme event | viseme_id=21 offset_ms=28016
2025-11-27 00:20:05,293 [INFO] Viseme event | viseme_id=19 offset_ms=28083
2025-11-27 00:20:05,293 [INFO] Viseme event | viseme_id=6 offset_ms=28133
2025-11-27 00:20:05,293 [INFO] Viseme event | viseme_id=19 offset_ms=28283
2025-11-27 00:20:05,293 [INFO] Viseme event | viseme_id=2 offset_ms=28866
2025-11-27 00:20:05,301 [INFO] Viseme event | viseme_id=0 offset_ms=28966
2025-11-27 00:20:06,128 [INFO] Viseme event | viseme_id=0 offset_ms=29416
2025-11-27 00:20:06,129 [INFO] Viseme event | viseme_id=19 offset_ms=29466
2025-11-27 00:20:06,129 [INFO] Viseme event | viseme_id=7 offset_ms=29583
2025-11-27 00:20:06,129 [INFO] Viseme event | viseme_id=15 offset_ms=29716
2025-11-27 00:20:06,129 [INFO] Viseme event | viseme_id=2 offset_ms=29816
2025-11-27 00:20:06,130 [INFO] Viseme event | viseme_id=19 offset_ms=29916
2025-11-27 00:20:06,130 [INFO] Viseme event | viseme_id=2 offset_ms=29966
2025-11-27 00:20:06,130 [INFO] Viseme event | viseme_id=21 offset_ms=30066
2025-11-27 00:20:06,130 [INFO] Viseme event | viseme_id=6 offset_ms=30133
2025-11-27 00:20:06,131 [INFO] Viseme event | viseme_id=19 offset_ms=30266
2025-11-27 00:20:06,131 [INFO] Viseme event | viseme_id=15 offset_ms=30566
2025-11-27 00:20:06,131 [INFO] Viseme event | viseme_id=1 offset_ms=30733
2025-11-27 00:20:06,131 [INFO] Viseme event | viseme_id=19 offset_ms=30816
2025-11-27 00:20:06,131 [INFO] Viseme event | viseme_id=8 offset_ms=30883
2025-11-27 00:20:06,131 [INFO] Viseme event | viseme_id=19 offset_ms=30966
2025-11-27 00:20:06,131 [INFO] Viseme event | viseme_id=6 offset_ms=31016
2025-11-27 00:20:06,131 [INFO] Viseme event | viseme_id=14 offset_ms=31083
2025-11-27 00:20:06,131 [INFO] Viseme event | viseme_id=15 offset_ms=31133
2025-11-27 00:20:06,131 [INFO] Viseme event | viseme_id=4 offset_ms=31216
2025-11-27 00:20:06,132 [INFO] Viseme event | viseme_id=20 offset_ms=31283
2025-11-27 00:20:06,132 [INFO] Viseme event | viseme_id=20 offset_ms=31366
2025-11-27 00:20:06,132 [INFO] Viseme event | viseme_id=2 offset_ms=31416
2025-11-27 00:20:06,132 [INFO] Viseme event | viseme_id=20 offset_ms=31499
2025-11-27 00:20:06,132 [INFO] Viseme event | viseme_id=2 offset_ms=31649
2025-11-27 00:20:06,132 [INFO] Viseme event | viseme_id=21 offset_ms=31733
2025-11-27 00:20:06,133 [INFO] Viseme event | viseme_id=6 offset_ms=31816
2025-11-27 00:20:06,133 [INFO] Viseme event | viseme_id=1 offset_ms=31999
2025-11-27 00:20:06,133 [INFO] Viseme event | viseme_id=6 offset_ms=32183
2025-11-27 00:20:06,133 [INFO] Viseme event | viseme_id=19 offset_ms=32416
2025-11-27 00:20:06,133 [INFO] Viseme event | viseme_id=1 offset_ms=32483
2025-11-27 00:20:06,133 [INFO] Viseme event | viseme_id=20 offset_ms=32583
2025-11-27 00:20:06,134 [INFO] Viseme event | viseme_id=4 offset_ms=32749
2025-11-27 00:20:06,134 [INFO] Viseme event | viseme_id=19 offset_ms=32899
2025-11-27 00:20:06,134 [INFO] Viseme event | viseme_id=2 offset_ms=32983
2025-11-27 00:20:06,134 [INFO] Viseme event | viseme_id=19 offset_ms=33116
2025-11-27 00:20:06,134 [INFO] Viseme event | viseme_id=7 offset_ms=33183
2025-11-27 00:20:06,134 [INFO] Viseme event | viseme_id=1 offset_ms=33266
2025-11-27 00:20:06,134 [INFO] Viseme event | viseme_id=15 offset_ms=33349
2025-11-27 00:20:06,134 [INFO] Viseme event | viseme_id=1 offset_ms=33549
2025-11-27 00:20:06,134 [INFO] Viseme event | viseme_id=6 offset_ms=33749
2025-11-27 00:20:06,134 [INFO] Viseme event | viseme_id=8 offset_ms=34091
2025-11-27 00:20:06,135 [INFO] Viseme event | viseme_id=0 offset_ms=34432
2025-11-27 00:20:06,718 [INFO] Viseme event | viseme_id=0 offset_ms=34883
2025-11-27 00:20:06,718 [INFO] Viseme event | viseme_id=1 offset_ms=34933
2025-11-27 00:20:06,719 [INFO] Viseme event | viseme_id=19 offset_ms=35200
2025-11-27 00:20:06,719 [INFO] Viseme event | viseme_id=6 offset_ms=35266
2025-11-27 00:20:06,719 [INFO] Viseme event | viseme_id=19 offset_ms=35350
2025-11-27 00:20:06,719 [INFO] Viseme event | viseme_id=2 offset_ms=35416
2025-11-27 00:20:06,719 [INFO] Viseme event | viseme_id=14 offset_ms=35616
2025-11-27 00:20:06,719 [INFO] Viseme event | viseme_id=0 offset_ms=35966
2025-11-27 00:20:06,719 [INFO] Viseme event | viseme_id=21 offset_ms=36383
2025-11-27 00:20:06,719 [INFO] Viseme event | viseme_id=2 offset_ms=36516
2025-11-27 00:20:06,719 [INFO] Viseme event | viseme_id=21 offset_ms=36666
2025-11-27 00:20:06,719 [INFO] Viseme event | viseme_id=4 offset_ms=36750
2025-11-27 00:20:06,720 [INFO] Viseme event | viseme_id=20 offset_ms=36966
2025-11-27 00:20:06,720 [INFO] Viseme event | viseme_id=6 offset_ms=37133
2025-11-27 00:20:06,720 [INFO] Viseme event | viseme_id=19 offset_ms=37216
2025-11-27 00:20:06,720 [INFO] Viseme event | viseme_id=4 offset_ms=37266
2025-11-27 00:20:06,720 [INFO] Viseme event | viseme_id=15 offset_ms=37383
2025-11-27 00:20:06,720 [INFO] Viseme event | viseme_id=1 offset_ms=37483
2025-11-27 00:20:06,720 [INFO] Viseme event | viseme_id=21 offset_ms=37583
2025-11-27 00:20:06,720 [INFO] Viseme event | viseme_id=2 offset_ms=37649
2025-11-27 00:20:06,720 [INFO] Viseme event | viseme_id=19 offset_ms=37749
2025-11-27 00:20:06,720 [INFO] Viseme event | viseme_id=19 offset_ms=37849
2025-11-27 00:20:06,720 [INFO] Viseme event | viseme_id=2 offset_ms=37916
2025-11-27 00:20:06,720 [INFO] Viseme event | viseme_id=15 offset_ms=37999
2025-11-27 00:20:06,720 [INFO] Viseme event | viseme_id=1 offset_ms=38199
2025-11-27 00:20:06,721 [INFO] Viseme event | viseme_id=6 offset_ms=38433
2025-11-27 00:20:06,721 [INFO] Viseme event | viseme_id=8 offset_ms=38666
2025-11-27 00:20:06,721 [INFO] Viseme event | viseme_id=0 offset_ms=38899
2025-11-27 00:20:07,309 [INFO] Viseme event | viseme_id=0 offset_ms=39350
2025-11-27 00:20:07,309 [INFO] Viseme event | viseme_id=15 offset_ms=39400
2025-11-27 00:20:07,310 [INFO] Viseme event | viseme_id=1 offset_ms=39600
2025-11-27 00:20:07,310 [INFO] Viseme event | viseme_id=19 offset_ms=39716
2025-11-27 00:20:07,310 [INFO] Viseme event | viseme_id=8 offset_ms=39783
2025-11-27 00:20:07,310 [INFO] Viseme event | viseme_id=7 offset_ms=39966
2025-11-27 00:20:07,310 [INFO] Viseme event | viseme_id=15 offset_ms=40100
2025-11-27 00:20:07,311 [INFO] Viseme event | viseme_id=6 offset_ms=40266
2025-11-27 00:20:07,311 [INFO] Viseme event | viseme_id=21 offset_ms=40333
2025-11-27 00:20:07,311 [INFO] Viseme event | viseme_id=6 offset_ms=40416
2025-11-27 00:20:07,311 [INFO] Viseme event | viseme_id=1 offset_ms=40583
2025-11-27 00:20:07,311 [INFO] Viseme event | viseme_id=2 offset_ms=40750
2025-11-27 00:20:07,311 [INFO] Viseme event | viseme_id=19 offset_ms=41000
2025-11-27 00:20:07,311 [INFO] Viseme event | viseme_id=2 offset_ms=41066
2025-11-27 00:20:07,312 [INFO] Viseme event | viseme_id=19 offset_ms=41200
2025-11-27 00:20:07,312 [INFO] Viseme event | viseme_id=16 offset_ms=41250
2025-11-27 00:20:07,312 [INFO] Viseme event | viseme_id=7 offset_ms=41300
2025-11-27 00:20:07,312 [INFO] Viseme event | viseme_id=1 offset_ms=41366
2025-11-27 00:20:07,312 [INFO] Viseme event | viseme_id=19 offset_ms=41466
2025-11-27 00:20:07,312 [INFO] Viseme event | viseme_id=19 offset_ms=41533
2025-11-27 00:20:07,312 [INFO] Viseme event | viseme_id=2 offset_ms=41599
2025-11-27 00:20:07,312 [INFO] Viseme event | viseme_id=21 offset_ms=41683
2025-11-27 00:20:07,312 [INFO] Viseme event | viseme_id=19 offset_ms=41766
2025-11-27 00:20:07,313 [INFO] Viseme event | viseme_id=6 offset_ms=41816
2025-11-27 00:20:07,313 [INFO] Viseme event | viseme_id=19 offset_ms=41983
2025-11-27 00:20:07,313 [INFO] Viseme event | viseme_id=2 offset_ms=42583
2025-11-27 00:20:07,313 [INFO] Viseme event | viseme_id=0 offset_ms=42683
2025-11-27 00:20:07,949 [INFO] Viseme event | viseme_id=0 offset_ms=43133
2025-11-27 00:20:07,950 [INFO] Viseme event | viseme_id=19 offset_ms=43183
2025-11-27 00:20:07,950 [INFO] Viseme event | viseme_id=2 offset_ms=43266
2025-11-27 00:20:07,950 [INFO] Viseme event | viseme_id=14 offset_ms=43400
2025-11-27 00:20:07,950 [INFO] Viseme event | viseme_id=21 offset_ms=43500
2025-11-27 00:20:07,950 [INFO] Viseme event | viseme_id=6 offset_ms=43600
2025-11-27 00:20:07,951 [INFO] Viseme event | viseme_id=19 offset_ms=43700
2025-11-27 00:20:07,951 [INFO] Viseme event | viseme_id=2 offset_ms=43733
2025-11-27 00:20:07,951 [INFO] Viseme event | viseme_id=19 offset_ms=43866
2025-11-27 00:20:07,951 [INFO] Viseme event | viseme_id=4 offset_ms=43916
2025-11-27 00:20:07,951 [INFO] Viseme event | viseme_id=0 offset_ms=44382
2025-11-27 00:20:07,951 [INFO] Viseme event | viseme_id=12 offset_ms=44816
2025-11-27 00:20:07,951 [INFO] Viseme event | viseme_id=6 offset_ms=44966
2025-11-27 00:20:07,951 [INFO] Viseme event | viseme_id=1 offset_ms=45008
2025-11-27 00:20:07,951 [INFO] Viseme event | viseme_id=20 offset_ms=45050
2025-11-27 00:20:07,951 [INFO] Viseme event | viseme_id=19 offset_ms=45200
2025-11-27 00:20:07,951 [INFO] Viseme event | viseme_id=16 offset_ms=45241
2025-11-27 00:20:07,952 [INFO] Viseme event | viseme_id=4 offset_ms=45283
2025-11-27 00:20:07,952 [INFO] Viseme event | viseme_id=20 offset_ms=45366
2025-11-27 00:20:07,952 [INFO] Viseme event | viseme_id=6 offset_ms=45441
2025-11-27 00:20:07,952 [INFO] Viseme event | viseme_id=15 offset_ms=45516
2025-11-27 00:20:07,952 [INFO] Viseme event | viseme_id=2 offset_ms=45650
2025-11-27 00:20:07,952 [INFO] Viseme event | viseme_id=19 offset_ms=45733
2025-11-27 00:20:07,952 [INFO] Viseme event | viseme_id=2 offset_ms=45783
2025-11-27 00:20:07,952 [INFO] Viseme event | viseme_id=20 offset_ms=45866
2025-11-27 00:20:07,952 [INFO] Viseme event | viseme_id=6 offset_ms=45949
2025-11-27 00:20:07,952 [INFO] Viseme event | viseme_id=19 offset_ms=46199
2025-11-27 00:20:07,952 [INFO] Viseme event | viseme_id=1 offset_ms=46333
2025-11-27 00:20:07,952 [INFO] Viseme event | viseme_id=7 offset_ms=46533
2025-11-27 00:20:07,953 [INFO] Viseme event | viseme_id=20 offset_ms=46666
2025-11-27 00:20:07,953 [INFO] Viseme event | viseme_id=20 offset_ms=46716
2025-11-27 00:20:07,953 [INFO] Viseme event | viseme_id=6 offset_ms=46816
2025-11-27 00:20:07,953 [INFO] Viseme event | viseme_id=21 offset_ms=46916
2025-11-27 00:20:07,953 [INFO] Viseme event | viseme_id=1 offset_ms=47049
2025-11-27 00:20:07,953 [INFO] Viseme event | viseme_id=19 offset_ms=47149
2025-11-27 00:20:07,953 [INFO] Viseme event | viseme_id=16 offset_ms=47191
2025-11-27 00:20:07,953 [INFO] Viseme event | viseme_id=1 offset_ms=47233
2025-11-27 00:20:07,953 [INFO] Viseme event | viseme_id=15 offset_ms=47299
2025-11-27 00:20:07,953 [INFO] Viseme event | viseme_id=1 offset_ms=47483
2025-11-27 00:20:07,953 [INFO] Viseme event | viseme_id=6 offset_ms=47649
2025-11-27 00:20:07,954 [INFO] Viseme event | viseme_id=8 offset_ms=47866
2025-11-27 00:20:07,954 [INFO] Viseme event | viseme_id=0 offset_ms=48082
2025-11-27 00:20:08,693 [INFO] Viseme event | viseme_id=0 offset_ms=48520
2025-11-27 00:20:08,694 [INFO] Viseme event | viseme_id=6 offset_ms=48570
2025-11-27 00:20:08,695 [INFO] Viseme event | viseme_id=6 offset_ms=48970
2025-11-27 00:20:08,695 [INFO] Viseme event | viseme_id=6 offset_ms=49187
2025-11-27 00:20:08,695 [INFO] Viseme event | viseme_id=2 offset_ms=49270
2025-11-27 00:20:08,696 [INFO] Viseme event | viseme_id=20 offset_ms=49354
2025-11-27 00:20:08,696 [INFO] Viseme event | viseme_id=6 offset_ms=49437
2025-11-27 00:20:08,696 [INFO] Viseme event | viseme_id=19 offset_ms=49504
2025-11-27 00:20:08,696 [INFO] Viseme event | viseme_id=6 offset_ms=49554
2025-11-27 00:20:08,696 [INFO] Viseme event | viseme_id=19 offset_ms=49654
2025-11-27 00:20:08,696 [INFO] Viseme event | viseme_id=19 offset_ms=49737
2025-11-27 00:20:08,697 [INFO] Viseme event | viseme_id=2 offset_ms=49804
2025-11-27 00:20:08,697 [INFO] Viseme event | viseme_id=19 offset_ms=49937
2025-11-27 00:20:08,697 [INFO] Viseme event | viseme_id=7 offset_ms=50004
2025-11-27 00:20:08,697 [INFO] Viseme event | viseme_id=19 offset_ms=50087
2025-11-27 00:20:08,697 [INFO] Viseme event | viseme_id=6 offset_ms=50154
2025-11-27 00:20:08,697 [INFO] Viseme event | viseme_id=19 offset_ms=50270
2025-11-27 00:20:08,697 [INFO] Viseme event | viseme_id=21 offset_ms=50454
2025-11-27 00:20:08,697 [INFO] Viseme event | viseme_id=2 offset_ms=50570
2025-11-27 00:20:08,697 [INFO] Viseme event | viseme_id=6 offset_ms=50804
2025-11-27 00:20:08,698 [INFO] Viseme event | viseme_id=21 offset_ms=50904
2025-11-27 00:20:08,698 [INFO] Viseme event | viseme_id=6 offset_ms=50987
2025-11-27 00:20:08,699 [INFO] Viseme event | viseme_id=20 offset_ms=51320
2025-11-27 00:20:08,699 [INFO] Viseme event | viseme_id=2 offset_ms=51520
2025-11-27 00:20:08,700 [INFO] Viseme event | viseme_id=19 offset_ms=51637
2025-11-27 00:20:08,700 [INFO] Viseme event | viseme_id=16 offset_ms=51687
2025-11-27 00:20:08,701 [INFO] Viseme event | viseme_id=2 offset_ms=51737
2025-11-27 00:20:08,701 [INFO] Viseme event | viseme_id=20 offset_ms=51854
2025-11-27 00:20:08,701 [INFO] Viseme event | viseme_id=15 offset_ms=51954
2025-11-27 00:20:08,701 [INFO] Viseme event | viseme_id=8 offset_ms=52087
2025-11-27 00:20:08,702 [INFO] Viseme event | viseme_id=19 offset_ms=52170
2025-11-27 00:20:08,702 [INFO] Viseme event | viseme_id=16 offset_ms=52220
2025-11-27 00:20:08,702 [INFO] Viseme event | viseme_id=7 offset_ms=52270
2025-11-27 00:20:08,702 [INFO] Viseme event | viseme_id=20 offset_ms=52320
2025-11-27 00:20:08,702 [INFO] Viseme event | viseme_id=12 offset_ms=52370
2025-11-27 00:20:08,702 [INFO] Viseme event | viseme_id=2 offset_ms=52454
2025-11-27 00:20:08,703 [INFO] Viseme event | viseme_id=19 offset_ms=52520
2025-11-27 00:20:08,703 [INFO] Viseme event | viseme_id=2 offset_ms=52587
2025-11-27 00:20:08,703 [INFO] Viseme event | viseme_id=19 offset_ms=52670
2025-11-27 00:20:08,703 [INFO] Viseme event | viseme_id=6 offset_ms=52720
2025-11-27 00:20:08,703 [INFO] Viseme event | viseme_id=19 offset_ms=52770
2025-11-27 00:20:08,705 [INFO] Viseme event | viseme_id=20 offset_ms=52854
2025-11-27 00:20:08,705 [INFO] Viseme event | viseme_id=1 offset_ms=52904
2025-11-27 00:20:08,705 [INFO] Viseme event | viseme_id=14 offset_ms=53004
2025-11-27 00:20:08,705 [INFO] Viseme event | viseme_id=2 offset_ms=53070
2025-11-27 00:20:08,705 [INFO] Viseme event | viseme_id=14 offset_ms=53170
2025-11-27 00:20:08,705 [INFO] Viseme event | viseme_id=14 offset_ms=53254
2025-11-27 00:20:08,705 [INFO] Viseme event | viseme_id=6 offset_ms=53337
2025-11-27 00:20:08,706 [INFO] Viseme event | viseme_id=1 offset_ms=53395
2025-11-27 00:20:08,706 [INFO] Viseme event | viseme_id=19 offset_ms=53454
2025-11-27 00:20:08,706 [INFO] Viseme event | viseme_id=16 offset_ms=53520
2025-11-27 00:20:08,706 [INFO] Viseme event | viseme_id=7 offset_ms=53587
2025-11-27 00:20:08,706 [INFO] Viseme event | viseme_id=1 offset_ms=53687
2025-11-27 00:20:08,706 [INFO] Viseme event | viseme_id=6 offset_ms=53787
2025-11-27 00:20:08,706 [INFO] Viseme event | viseme_id=8 offset_ms=54029
2025-11-27 00:20:08,706 [INFO] Viseme event | viseme_id=0 offset_ms=54269
2025-11-27 00:20:09,500 [INFO] Viseme event | viseme_id=0 offset_ms=54716
2025-11-27 00:20:09,501 [INFO] Viseme event | viseme_id=15 offset_ms=54766
2025-11-27 00:20:09,501 [INFO] Viseme event | viseme_id=1 offset_ms=54983
2025-11-27 00:20:09,501 [INFO] Viseme event | viseme_id=19 offset_ms=55083
2025-11-27 00:20:09,502 [INFO] Viseme event | viseme_id=8 offset_ms=55150
2025-11-27 00:20:09,502 [INFO] Viseme event | viseme_id=19 offset_ms=55233
2025-11-27 00:20:09,502 [INFO] Viseme event | viseme_id=6 offset_ms=55283
2025-11-27 00:20:09,502 [INFO] Viseme event | viseme_id=14 offset_ms=55350
2025-11-27 00:20:09,503 [INFO] Viseme event | viseme_id=15 offset_ms=55400
2025-11-27 00:20:09,503 [INFO] Viseme event | viseme_id=4 offset_ms=55500
2025-11-27 00:20:09,503 [INFO] Viseme event | viseme_id=20 offset_ms=55566
2025-11-27 00:20:09,503 [INFO] Viseme event | viseme_id=20 offset_ms=55650
2025-11-27 00:20:09,504 [INFO] Viseme event | viseme_id=2 offset_ms=55700
2025-11-27 00:20:09,504 [INFO] Viseme event | viseme_id=20 offset_ms=55783
2025-11-27 00:20:09,504 [INFO] Viseme event | viseme_id=2 offset_ms=55916
2025-11-27 00:20:09,504 [INFO] Viseme event | viseme_id=19 offset_ms=56016
2025-11-27 00:20:09,504 [INFO] Viseme event | viseme_id=6 offset_ms=56066
2025-11-27 00:20:09,504 [INFO] Viseme event | viseme_id=19 offset_ms=56200
2025-11-27 00:20:09,504 [INFO] Viseme event | viseme_id=15 offset_ms=56483
2025-11-27 00:20:09,504 [INFO] Viseme event | viseme_id=2 offset_ms=56649
2025-11-27 00:20:09,504 [INFO] Viseme event | viseme_id=19 offset_ms=56749
2025-11-27 00:20:09,504 [INFO] Viseme event | viseme_id=2 offset_ms=56799
2025-11-27 00:20:09,504 [INFO] Viseme event | viseme_id=20 offset_ms=56899
2025-11-27 00:20:09,504 [INFO] Viseme event | viseme_id=6 offset_ms=56983
2025-11-27 00:20:09,505 [INFO] Viseme event | viseme_id=19 offset_ms=57299
2025-11-27 00:20:09,505 [INFO] Viseme event | viseme_id=16 offset_ms=57391
2025-11-27 00:20:09,505 [INFO] Viseme event | viseme_id=6 offset_ms=57483
2025-11-27 00:20:09,505 [INFO] Viseme event | viseme_id=19 offset_ms=57566
2025-11-27 00:20:09,505 [INFO] Viseme event | viseme_id=19 offset_ms=57716
2025-11-27 00:20:09,505 [INFO] Viseme event | viseme_id=16 offset_ms=57783
2025-11-27 00:20:09,505 [INFO] Viseme event | viseme_id=2 offset_ms=57849
2025-11-27 00:20:09,506 [INFO] Viseme event | viseme_id=15 offset_ms=58083
2025-11-27 00:20:09,506 [INFO] Viseme event | viseme_id=2 offset_ms=58249
2025-11-27 00:20:09,506 [INFO] Viseme event | viseme_id=19 offset_ms=58316
2025-11-27 00:20:09,506 [INFO] Viseme event | viseme_id=2 offset_ms=58366
2025-11-27 00:20:09,506 [INFO] Viseme event | viseme_id=20 offset_ms=58449
2025-11-27 00:20:09,506 [INFO] Viseme event | viseme_id=6 offset_ms=58533
2025-11-27 00:20:09,506 [INFO] Viseme event | viseme_id=19 offset_ms=58599
2025-11-27 00:20:09,507 [INFO] Viseme event | viseme_id=2 offset_ms=58649
2025-11-27 00:20:09,507 [INFO] Viseme event | viseme_id=19 offset_ms=58716
2025-11-27 00:20:09,507 [INFO] Viseme event | viseme_id=19 offset_ms=58816
2025-11-27 00:20:09,507 [INFO] Viseme event | viseme_id=2 offset_ms=58866
2025-11-27 00:20:09,507 [INFO] Viseme event | viseme_id=21 offset_ms=58933
2025-11-27 00:20:09,507 [INFO] Viseme event | viseme_id=19 offset_ms=58999
2025-11-27 00:20:09,507 [INFO] Viseme event | viseme_id=6 offset_ms=59049
2025-11-27 00:20:09,507 [INFO] Viseme event | viseme_id=19 offset_ms=59216
2025-11-27 00:20:09,507 [INFO] Viseme event | viseme_id=2 offset_ms=59849
2025-11-27 00:20:09,507 [INFO] Viseme event | viseme_id=0 offset_ms=59949
2025-11-27 00:20:09,637 [INFO] Synthesis completed successfully
2025-11-27 00:21:03,006 [INFO] Client disconnected
2025-11-27 00:21:05,499 [INFO] Client disconnected
